[00:00:00] SERVER: Initialized intersections:
[00:00:00] - IntersectionA (Semaphore, Capacity=2)
[00:00:00] - IntersectionB (Semaphore, Capacity=2)
[00:00:00] - IntersectionC (Semaphore, Capacity=2)

[00:00:00] Train1: Sent ACQUIRE request for IntersectionA.

[00:00:01] Train2: Sent ACQUIRE request for IntersectionA.

[00:00:02] Train3: Sent ACQUIRE request for IntersectionB.

[00:00:03] Train4: Sent ACQUIRE request for IntersectionB.

[00:00:04] Train5: Sent ACQUIRE request for IntersectionC.

[00:00:05] Train6: Sent ACQUIRE request for IntersectionC.

[00:00:06] Train1: Sent ACQUIRE request for IntersectionB.

[00:00:07] Train2: Sent ACQUIRE request for IntersectionB.

[00:00:08] Train3: Sent ACQUIRE request for IntersectionC.

[00:00:09] Train4: Sent ACQUIRE request for IntersectionC.

[00:00:10] Train5: Sent ACQUIRE request for IntersectionA.

[00:00:11] Train6: Sent ACQUIRE request for IntersectionA.

[00:00:12] Train1: Released IntersectionA.

[00:00:13] Train1: Released IntersectionB.

[00:00:14] Train2: Released IntersectionA.

[00:00:15] Train2: Released IntersectionB.

[00:00:16] Train3: Released IntersectionB.

[00:00:17] Train3: Released IntersectionC.

[00:00:18] Train4: Released IntersectionB.

[00:00:19] Train4: Released IntersectionC.

[00:00:20] Train5: Released IntersectionC.

[00:00:21] Train5: Released IntersectionA.

[00:00:22] Train6: Released IntersectionC.

[00:00:23] Train6: Released IntersectionA.

[00:00:24] SIMULATION COMPLETE. All trains reached destinations.
